[2018-01-12T23:03:19.809] [INFO] things - kue 启动! 9010
[2018-01-12T23:03:19.811] [INFO] things - Listening on port:1501
[2018-01-12T23:03:19.811] [INFO] things - asset patch: /Users/ryan/company_work/weibo/git/performance-grade/WWW/stateSite
[2018-01-12T23:03:19.812] [INFO] things - ==开始记录日志==
[2018-01-12T23:04:48.791] [INFO] things - 中间件-Time:  1515769488791
[2018-01-12T23:04:49.551] [INFO] things - 中间件-Time:  1515769489551
[2018-01-12T23:07:40.075] [INFO] things - 中间件-Time:  1515769660075
[2018-01-12T23:07:40.076] [INFO] things - 哈哈1开始记录日志
[2018-01-12T23:07:40.077] [INFO] things - exports.postPerformance1:
[2018-01-12T23:07:40.078] [INFO] things - 尝试连接
[2018-01-12T23:07:40.146] [INFO] things - 尝试连接成功!url地址正常
[2018-01-12T23:07:40.155] [INFO] things - 35
[2018-01-12T23:07:40.160] [INFO] things - job 35 got queued
[2018-01-12T23:07:40.162] [INFO] things - 正在处理: { url: 'http://ad.weibo.com',
  title: '收集需要性能打分的页面',
  id: '5f003543310e181312d49f8991c8ba675ba26f43',
  date: '2018-01-12 23:07:40',
  state: 'success',
  userId: '13412345673' }
[2018-01-12T23:07:40.164] [INFO] things - saveGrade-正在处理: 35 { url: 'http://ad.weibo.com',
  title: '收集需要性能打分的页面',
  id: '5f003543310e181312d49f8991c8ba675ba26f43',
  date: '2018-01-12 23:07:40',
  state: 'success',
  userId: '13412345673' } success
[2018-01-12T23:07:40.166] [INFO] things - launchChrome->start
[2018-01-12T23:07:41.072] [INFO] things - launchChrome->init: 64286
[2018-01-12T23:07:41.178] [INFO] things - launchChrome->env set completed!
[2018-01-12T23:07:42.362] [INFO] things - launchChrome->capture-1!
[2018-01-12T23:08:13.581] [INFO] things - launchChrome->capture-2!
[2018-01-12T23:08:13.616] [INFO] things - 文档创建完成;
[2018-01-12T23:08:13.617] [INFO] things - saveGrade-处理完成-success: { url: 'http://ad.weibo.com',
  title: '收集需要性能打分的页面',
  id: '5f003543310e181312d49f8991c8ba675ba26f43',
  date: '2018-01-12 23:07:40',
  state: 'success',
  userId: '13412345673' }
[2018-01-12T23:08:19.147] [INFO] things - 百分比加载完成: 35 10
[2018-01-12T23:08:19.148] [INFO] things - 处理完成: { url: 'http://ad.weibo.com',
  title: '收集需要性能打分的页面',
  id: '5f003543310e181312d49f8991c8ba675ba26f43',
  date: '2018-01-12 23:07:40',
  state: 'success',
  userId: '13412345673' }
[2018-01-12T23:10:20.605] [INFO] things - kue 启动! 9010
[2018-01-12T23:10:20.608] [INFO] things - Listening on port:1501
[2018-01-12T23:10:20.608] [INFO] things - asset patch: /Users/ryan/company_work/weibo/git/performance-grade/WWW/stateSite
[2018-01-12T23:10:20.608] [INFO] things - ==开始记录日志==
